Arguments: 
  C:\Program Files\nodejs\node.exe C:\Program Files (x86)\Yarn\bin\yarn.js add @tarojs/plugin-sass --silent --no-progress -D

PATH: 
  C:\Program Files\nodejs\node_modules\npm\node_modules\npm-lifecycle\node-gyp-bin;D:\multiple_terminals\taro-gonghang-demo\node_modules\.bin;C:\Users\YONGXU~1\AppData\Local\Temp\yarn--1563932991436-0.7299222635509439;D:\multiple_terminals\taro-gonghang-demo\node_modules\.bin;C:\Users\YongxuanChen\AppData\Local\Yarn\Data\link\node_modules\.bin;C:\Program Files\libexec\lib\node_modules\npm\bin\node-gyp-bin;C:\Program Files\lib\node_modules\npm\bin\node-gyp-bin;C:\Program Files\nodejs\node_modules\npm\bin\node-gyp-bin;C:\Windows\system32;C:\Windows;C:\Windows\System32\Wbem;C:\Windows\System32\WindowsPowerShell\v1.0\;C:\Program Files (x86)\NVIDIA Corporation\PhysX\Common;C:\Program Files\Intel\WiFi\bin\;C:\Program Files\Common Files\Intel\WirelessCommon\;C:\WINDOWS\system32;C:\WINDOWS;C:\WINDOWS\System32\Wbem;C:\WINDOWS\System32\WindowsPowerShell\v1.0\;C:\Program Files\Java\jdk-10.0.1\bin;C:\Program Files\Java\jdk-10.0.1\jre\bin;C:\WINDOWS\System32\OpenSSH\;D:\php\php;C:\ProgramData\ComposerSetup\bin;C:\Program Files\NVIDIA Corporation\NVIDIA NvDLISR;C:\Program Files\nodejs\;C:\Program Files\Git\cmd;C:\web\mysql-8.0.16-winx64\bin;C:\Program Files (x86)\Microsoft SQL Server\140\Tools\Binn\;C:\Program Files\Microsoft SQL Server\140\Tools\Binn\;C:\Program Files (x86)\Microsoft SQL Server\140\DTS\Binn\;C:\Program Files\Microsoft SQL Server\140\DTS\Binn\;C:\Program Files\Microsoft SQL Server\Client SDK\ODBC\130\Tools\Binn\;C:\Users\YongxuanChen\Downloads\jflex-1.6.1\bin;;C:\WINDOWS\system32;C:\WINDOWS;C:\WINDOWS\System32\Wbem;C:\WINDOWS\System32\WindowsPowerShell\v1.0\;C:\WINDOWS\System32\OpenSSH\;C:\Program Files (x86)\Yarn\bin\;C:\Users\YongxuanChen\AppData\Local\Microsoft\WindowsApps;C:\Users\YongxuanChen\AppData\Roaming\Composer\vendor\bin;D:\Microsoft VS Code\bin;C:\Users\YongxuanChen\AppData\Roaming\npm;C:\Program Files\heroku\bin;C:\Program Files\MongoDB\Server\4.0\bin;;D:\Java project\IntelliJ IDEA Community Edition 2019.1\bin;;D:\IntelliJ IDEA 2019.1\bin;;C:\Users\YongxuanChen\AppData\Local\Yarn\bin

Yarn version: 
  1.16.0

Node version: 
  10.15.3

Platform: 
  win32 x64

Trace: 
  Error: ENOENT: no such file or directory, copyfile 'C:\Users\YongxuanChen\AppData\Local\Yarn\Cache\v4\npm-find-cache-dir-1.0.0-9288e3e9e3cc3748717d39eade17cf71fc30ee6f\node_modules\find-cache-dir\index.js' -> 'D:\multiple_terminals\taro-gonghang-demo\node_modules\@tarojs\webpack-runner\node_modules\find-cache-dir\index.js'

npm manifest: 
  {
    "name": "test",
    "version": "1.0.0",
    "private": true,
    "description": "",
    "templateInfo": {
      "name": "default",
      "typescript": false,
      "css": "none"
    },
    "scripts": {
      "build:weapp": "taro build --type weapp",
      "build:swan": "taro build --type swan",
      "build:alipay": "taro build --type alipay",
      "build:tt": "taro build --type tt",
      "build:h5": "taro build --type h5",
      "build:rn": "taro build --type rn",
      "dev:weapp": "npm run build:weapp -- --watch",
      "dev:swan": "npm run build:swan -- --watch",
      "dev:alipay": "npm run build:alipay -- --watch",
      "dev:tt": "npm run build:tt -- --watch",
      "dev:h5": "cross-env CLIENT_ENV=h5 npm run build:h5 -- --watch",
      "dev:rn": "cross-env CLIENT_ENV=rn npm run build:rn -- --watch"
    },
    "author": "",
    "license": "MIT",
    "dependencies": {
      "@tarojs/async-await": "^1.3.9",
      "@tarojs/components": "1.3.5",
      "@tarojs/components-rn": "^1.3.5",
      "@tarojs/redux": "^1.3.9",
      "@tarojs/redux-h5": "^1.3.9",
      "@tarojs/router": "1.3.5",
      "@tarojs/taro": "1.3.5",
      "@tarojs/taro-alipay": "1.3.5",
      "@tarojs/taro-h5": "1.3.5",
      "@tarojs/taro-redux-rn": "^1.3.5",
      "@tarojs/taro-rn": "^1.3.5",
      "@tarojs/taro-router-rn": "^1.3.5",
      "@tarojs/taro-swan": "1.3.5",
      "@tarojs/taro-tt": "1.3.5",
      "@tarojs/taro-weapp": "1.3.5",
      "cross-env": "^5.2.0",
      "nerv-devtools": "^1.4.0",
      "nervjs": "^1.4.0",
      "node-sass": "^4.12.0",
      "react": "16.3.1",
      "react-native": "0.55.4",
      "redux": "^4.0.0",
      "redux-logger": "^3.0.6",
      "redux-thunk": "^2.3.0",
      "rxjs": "^6.5.2",
      "tslib": "^1.8.0"
    },
    "devDependencies": {
      "@types/react": "^16.4.6",
      "@types/webpack-env": "^1.13.6",
      "@tarojs/plugin-babel": "1.3.5",
      "@tarojs/plugin-csso": "1.3.5",
      "@tarojs/plugin-uglifyjs": "1.3.5",
      "@tarojs/webpack-runner": "1.3.5",
      "babel-plugin-transform-class-properties": "^6.24.1",
      "babel-plugin-transform-decorators-legacy": "^1.3.4",
      "babel-plugin-transform-jsx-stylesheet": "^0.6.5",
      "babel-plugin-transform-object-rest-spread": "^6.26.0",
      "babel-preset-env": "^1.6.1",
      "babel-eslint": "^8.2.3",
      "eslint": "^5.16.0",
      "eslint-config-taro": "1.3.5",
      "eslint-plugin-react": "^7.8.2",
      "eslint-plugin-import": "^2.12.0",
      "stylelint": "9.3.0",
      "stylelint-config-taro-rn": "1.3.5",
      "stylelint-taro-rn": "1.3.5",
      "eslint-plugin-taro": "1.3.5"
    }
  }

yarn manifest: 
  No manifest

Lockfile: 
  No lockfile
